<?xml version="1.0" encoding="UTF-8"?>
<!-- Generated by org.testng.reporters.JUnitReportReporter -->
<testsuite hostname="DESKTOP-6PRSILR" failures="0" tests="11" name="defaultpackage.Forms" time="18.288" errors="0" timestamp="25 Apr 2021 08:33:31 GMT" skipped="10">
  <testcase classname="defaultpackage.Forms" name="Select_selectbox" time="18.288"/>
  <testcase classname="defaultpackage.Forms" name="SetValueInCheckbox">
    <skipped/>
  </testcase> <!-- SetValueInCheckbox -->
  <testcase classname="defaultpackage.Forms" name="checkbox">
    <skipped/>
  </testcase> <!-- checkbox -->
  <testcase classname="defaultpackage.Forms" name="Selectbox">
    <skipped/>
  </testcase> <!-- Selectbox -->
  <testcase classname="defaultpackage.Forms" name="MultiSelectElement">
    <skipped/>
  </testcase> <!-- MultiSelectElement -->
  <testcase classname="defaultpackage.Forms" name="setradiovalue">
    <skipped/>
  </testcase> <!-- setradiovalue -->
  <testcase classname="defaultpackage.Forms" name="setvalue">
    <skipped/>
  </testcase> <!-- setvalue -->
  <testcase classname="defaultpackage.Forms" name="f">
    <skipped/>
  </testcase> <!-- f -->
  <testcase classname="defaultpackage.Forms" name="TextArea">
    <skipped/>
  </testcase> <!-- TextArea -->
  <testcase classname="defaultpackage.Forms" name="Checkbox">
    <skipped/>
  </testcase> <!-- Checkbox -->
  <testcase classname="defaultpackage.Forms" name="radiobutton">
    <skipped/>
  </testcase> <!-- radiobutton -->
</testsuite> <!-- defaultpackage.Forms -->
