<?xml version="1.0" encoding="UTF-8"?>
<!-- Generated by org.testng.reporters.JUnitReportReporter -->
<testsuite hostname="DESKTOP-6PRSILR" failures="0" tests="1" name="com.example.tests.UntitledTestCase" time="14.013" errors="0" timestamp="29 May 2021 08:55:58 GMT" skipped="0">
  <testcase classname="com.example.tests.UntitledTestCase" name="testUntitledTestCase" time="14.013"/>
</testsuite> <!-- com.example.tests.UntitledTestCase -->
