<?xml version="1.0" encoding="UTF-8"?>
<!-- Generated by org.testng.reporters.JUnitReportReporter -->
<testsuite hostname="DESKTOP-6PRSILR" failures="0" tests="4" name="Webdriver_basics.PlayingWithModalWindow" time="7.216" errors="0" timestamp="26 Apr 2021 10:12:07 GMT" skipped="3">
  <testcase classname="Webdriver_basics.PlayingWithModalWindow" name="frames" time="7.216"/>
  <testcase classname="Webdriver_basics.PlayingWithModalWindow" name="Handling_Alerts">
    <skipped/>
  </testcase> <!-- Handling_Alerts -->
  <testcase classname="Webdriver_basics.PlayingWithModalWindow" name="New_Page_Window_handle">
    <skipped/>
  </testcase> <!-- New_Page_Window_handle -->
  <testcase classname="Webdriver_basics.PlayingWithModalWindow" name="f">
    <skipped/>
  </testcase> <!-- f -->
</testsuite> <!-- Webdriver_basics.PlayingWithModalWindow -->
