<?xml version="1.0" encoding="UTF-8"?>
<!-- Generated by org.testng.reporters.JUnitReportReporter -->
<testsuite hostname="DESKTOP-6PRSILR" failures="0" tests="3" name="Webdriver_basics.Data_Driven_Test" time="0.025" errors="0" timestamp="27 Apr 2021 14:55:33 GMT" skipped="2">
  <testcase classname="Webdriver_basics.Data_Driven_Test" name="Read_Data_from_CSV" time="0.025"/>
  <testcase classname="Webdriver_basics.Data_Driven_Test" name="UnsuccessfulLogin">
    <skipped/>
  </testcase> <!-- UnsuccessfulLogin -->
  <testcase classname="Webdriver_basics.Data_Driven_Test" name="Successful_Login">
    <skipped/>
  </testcase> <!-- Successful_Login -->
</testsuite> <!-- Webdriver_basics.Data_Driven_Test -->
