<?xml version="1.0" encoding="UTF-8"?>
<!-- Generated by org.testng.reporters.JUnitReportReporter -->
<testsuite hostname="DESKTOP-6PRSILR" failures="0" tests="2" name="Webdriver_basics.PlayingWithWindowScreen" time="23.506" errors="0" timestamp="25 Apr 2021 13:38:12 GMT" skipped="1">
  <testcase classname="Webdriver_basics.PlayingWithWindowScreen" name="Navigation" time="23.506"/>
  <testcase classname="Webdriver_basics.PlayingWithWindowScreen" name="f">
    <skipped/>
  </testcase> <!-- f -->
</testsuite> <!-- Webdriver_basics.PlayingWithWindowScreen -->
