<?xml version="1.0" encoding="UTF-8"?>
<!-- Generated by org.testng.reporters.JUnitReportReporter -->
<testsuite hostname="DESKTOP-6PRSILR" failures="0" tests="6" name="Webdriver_basics.ExcelUtility" time="18.815" errors="0" timestamp="27 Apr 2021 16:01:31 GMT" skipped="1">
  <testcase classname="Webdriver_basics.ExcelUtility" name="UnsuccessfulLogin" time="5.287"/>
  <testcase classname="Webdriver_basics.ExcelUtility" name="UnsuccessfulLogin" time="3.398"/>
  <testcase classname="Webdriver_basics.ExcelUtility" name="UnsuccessfulLogin" time="3.631"/>
  <testcase classname="Webdriver_basics.ExcelUtility" name="UnsuccessfulLogin" time="3.393"/>
  <testcase classname="Webdriver_basics.ExcelUtility" name="UnsuccessfulLogin" time="3.106"/>
  <testcase classname="Webdriver_basics.ExcelUtility" name="readFromExcel">
    <skipped/>
  </testcase> <!-- readFromExcel -->
</testsuite> <!-- Webdriver_basics.ExcelUtility -->
