<?xml version="1.0" encoding="UTF-8"?>
<!-- Generated by org.testng.reporters.JUnitReportReporter -->
<testsuite hostname="DESKTOP-6PRSILR" failures="0" tests="6" name="Webdriver_basics.Cross_Browser_Testing" time="10.814" errors="0" timestamp="07 May 2021 03:11:10 GMT" skipped="5">
  <testcase classname="Webdriver_basics.Cross_Browser_Testing" name="Chrome_Driver_Headless" time="10.814"/>
  <testcase classname="Webdriver_basics.Cross_Browser_Testing" name="Internet_Explorer">
    <skipped/>
  </testcase> <!-- Internet_Explorer -->
  <testcase classname="Webdriver_basics.Cross_Browser_Testing" name="Chrome_Driver">
    <skipped/>
  </testcase> <!-- Chrome_Driver -->
  <testcase classname="Webdriver_basics.Cross_Browser_Testing" name="Firefox_Driver">
    <skipped/>
  </testcase> <!-- Firefox_Driver -->
  <testcase classname="Webdriver_basics.Cross_Browser_Testing" name="Firefox_Driver_Headless">
    <skipped/>
  </testcase> <!-- Firefox_Driver_Headless -->
  <testcase classname="Webdriver_basics.Cross_Browser_Testing" name="Phantomjs">
    <skipped/>
  </testcase> <!-- Phantomjs -->
</testsuite> <!-- Webdriver_basics.Cross_Browser_Testing -->
