<?xml version="1.0" encoding="UTF-8"?>
<!-- Generated by org.testng.reporters.JUnitReportReporter -->
<testsuite hostname="DESKTOP-6PRSILR" failures="0" tests="3" name="Webdriver_basics.JavaScript" time="3.617" errors="0" timestamp="26 Apr 2021 13:21:16 GMT" skipped="2">
  <testcase classname="Webdriver_basics.JavaScript" name="Read_Tables" time="3.617"/>
  <testcase classname="Webdriver_basics.JavaScript" name="f">
    <skipped/>
  </testcase> <!-- f -->
  <testcase classname="Webdriver_basics.JavaScript" name="FrameworkForTables">
    <skipped/>
  </testcase> <!-- FrameworkForTables -->
</testsuite> <!-- Webdriver_basics.JavaScript -->
