<?xml version="1.0" encoding="UTF-8"?>
<!-- Generated by org.testng.reporters.JUnitReportReporter -->
<testsuite hostname="DESKTOP-6PRSILR" failures="0" tests="2" name="Webdriver_basics.Mouse_Actions" time="10.219" errors="0" timestamp="26 Apr 2021 15:04:02 GMT" skipped="1">
  <testcase classname="Webdriver_basics.Mouse_Actions" name="DragAndDrop" time="10.219"/>
  <testcase classname="Webdriver_basics.Mouse_Actions" name="f">
    <skipped/>
  </testcase> <!-- f -->
</testsuite> <!-- Webdriver_basics.Mouse_Actions -->
