<?xml version="1.0" encoding="UTF-8"?>
<!-- Generated by org.testng.reporters.JUnitReportReporter -->
<testsuite hostname="DESKTOP-6PRSILR" failures="0" tests="4" name="defaultpackage.First_Test" time="6.061" errors="0" timestamp="24 Apr 2021 15:47:58 GMT" skipped="2">
  <testcase classname="defaultpackage.First_Test" name="Login" time="0.023"/>
  <testcase classname="defaultpackage.First_Test" name="f" time="6.038"/>
  <testcase classname="defaultpackage.First_Test" name="test_get_information_about_checkbox">
    <skipped/>
  </testcase> <!-- test_get_information_about_checkbox -->
  <testcase classname="defaultpackage.First_Test" name="test_get_information_about_name">
    <skipped/>
  </testcase> <!-- test_get_information_about_name -->
</testsuite> <!-- defaultpackage.First_Test -->
