<?xml version="1.0" encoding="UTF-8"?>
<!-- Generated by org.testng.reporters.JUnitReportReporter -->
<testsuite hostname="DESKTOP-6PRSILR" failures="0" tests="2" name="Cross_Browse_Framework.Page_Object_Model" time="27.726" errors="0" timestamp="28 Apr 2021 15:36:32 GMT" skipped="1">
  <testcase classname="Cross_Browse_Framework.Page_Object_Model" name="login_page_object" time="27.726"/>
  <testcase classname="Cross_Browse_Framework.Page_Object_Model" name="Update_todos">
    <skipped/>
  </testcase> <!-- Update_todos -->
</testsuite> <!-- Cross_Browse_Framework.Page_Object_Model -->
