<?xml version="1.0" encoding="UTF-8"?>
<!-- Generated by org.testng.reporters.JUnitReportReporter -->
<testsuite hostname="DESKTOP-6PRSILR" failures="0" tests="5" name="Webdriver_basics.webdriver" time="5.903" errors="0" timestamp="25 Apr 2021 11:14:29 GMT" skipped="4">
  <testcase classname="Webdriver_basics.webdriver" name="checkIfAnElementIsEnabled" time="5.903"/>
  <testcase classname="Webdriver_basics.webdriver" name="Tables">
    <skipped/>
  </testcase> <!-- Tables -->
  <testcase classname="Webdriver_basics.webdriver" name="Warning_error">
    <skipped/>
  </testcase> <!-- Warning_error -->
  <testcase classname="Webdriver_basics.webdriver" name="disabledFields">
    <skipped/>
  </testcase> <!-- disabledFields -->
  <testcase classname="Webdriver_basics.webdriver" name="Sucess">
    <skipped/>
  </testcase> <!-- Sucess -->
</testsuite> <!-- Webdriver_basics.webdriver -->
