<?xml version="1.0" encoding="UTF-8"?>
<!-- Generated by org.testng.reporters.JUnitReportReporter -->
<testsuite hostname="DESKTOP-6PRSILR" failures="0" tests="2" name="Cross_Browse_Framework.Crossbrowser" time="9.809" errors="0" timestamp="26 Apr 2021 17:00:05 GMT" skipped="1">
  <testcase classname="Cross_Browse_Framework.Crossbrowser" name="test" time="9.809"/>
  <testcase classname="Cross_Browse_Framework.Crossbrowser" name="Chromebrowser">
    <skipped/>
  </testcase> <!-- Chromebrowser -->
</testsuite> <!-- Cross_Browse_Framework.Crossbrowser -->
