<?xml version="1.0" encoding="UTF-8"?>
<!-- Generated by org.testng.reporters.JUnitReportReporter -->
<testsuite hostname="DESKTOP-6PRSILR" failures="0" tests="5" name="defaultpackage.Login" time="2.272" errors="0" timestamp="24 Apr 2021 18:42:10 GMT" skipped="4">
  <testcase classname="defaultpackage.Login" name="Multiple_Elements" time="2.272"/>
  <testcase classname="defaultpackage.Login" name="login">
    <skipped/>
  </testcase> <!-- login -->
  <testcase classname="defaultpackage.Login" name="CSS_Selector">
    <skipped/>
  </testcase> <!-- CSS_Selector -->
  <testcase classname="defaultpackage.Login" name="CSS_selector1">
    <skipped/>
  </testcase> <!-- CSS_selector1 -->
  <testcase classname="defaultpackage.Login" name="f">
    <skipped/>
  </testcase> <!-- f -->
</testsuite> <!-- defaultpackage.Login -->
